  [1m[36m (1.0ms)[0m  [1mselect sqlite_version(*)[0m
  [1m[35m (16.0ms)[0m  CREATE TABLE "schema_migrations" ("version" varchar(255) NOT NULL) 
  [1m[36m (0.0ms)[0m  [1mPRAGMA index_list("schema_migrations")[0m
  [1m[35m (9.0ms)[0m  CREATE UNIQUE INDEX "unique_schema_migrations" ON "schema_migrations" ("version")
  [1m[36m (1.0ms)[0m  [1mSELECT "schema_migrations"."version" FROM "schema_migrations" [0m
Migrating to DeviseCreateUsers (20120320090949)
  [1m[35m (0.0ms)[0m  begin transaction
  [1m[36m (3.0ms)[0m  [1mCREATE TABLE "users" ("id" INTEGER PRIMARY KEY AUTOINCREMENT NOT NULL, "email" varchar(255) DEFAULT '' NOT NULL, "encrypted_password" varchar(255) DEFAULT '' NOT NULL, "reset_password_token" varchar(255), "reset_password_sent_at" datetime, "remember_created_at" datetime, "sign_in_count" integer DEFAULT 0, "current_sign_in_at" datetime, "last_sign_in_at" datetime, "current_sign_in_ip" varchar(255), "last_sign_in_ip" varchar(255), "created_at" datetime NOT NULL, "updated_at" datetime NOT NULL) [0m
  [1m[35m (0.0ms)[0m  PRAGMA index_list("users")
  [1m[36m (1.0ms)[0m  [1mCREATE UNIQUE INDEX "index_users_on_email" ON "users" ("email")[0m
  [1m[35m (0.0ms)[0m  PRAGMA index_list("users")
  [1m[36m (0.0ms)[0m  [1mPRAGMA index_info('index_users_on_email')[0m
  [1m[35m (0.0ms)[0m  CREATE UNIQUE INDEX "index_users_on_reset_password_token" ON "users" ("reset_password_token")
  [1m[36m (0.0ms)[0m  [1mINSERT INTO "schema_migrations" ("version") VALUES ('20120320090949')[0m
  [1m[35m (445.0ms)[0m  commit transaction
Migrating to AddConfirmableFieldsToUsers (20120320132444)
  [1m[36m (0.0ms)[0m  [1mbegin transaction[0m
  [1m[35m (6.0ms)[0m  ALTER TABLE "users" ADD "confirmation_token" varchar(255)
  [1m[36m (0.0ms)[0m  [1mALTER TABLE "users" ADD "confirmed_at" datetime[0m
  [1m[35m (0.0ms)[0m  ALTER TABLE "users" ADD "confirmation_sent_at" datetime
  [1m[36m (1.0ms)[0m  [1mINSERT INTO "schema_migrations" ("version") VALUES ('20120320132444')[0m
  [1m[35m (10.0ms)[0m  commit transaction
Migrating to RemoveConfirmedAtFieldFromUsers (20120320143016)
  [1m[36m (1.0ms)[0m  [1mbegin transaction[0m
  [1m[35m (2.0ms)[0m  CREATE TEMPORARY TABLE "altered_users" ("id" INTEGER PRIMARY KEY AUTOINCREMENT NOT NULL, "email" varchar(255) DEFAULT '' NOT NULL, "encrypted_password" varchar(255) DEFAULT '' NOT NULL, "reset_password_token" varchar(255), "reset_password_sent_at" datetime, "remember_created_at" datetime, "sign_in_count" integer DEFAULT 0, "current_sign_in_at" datetime, "last_sign_in_at" datetime, "current_sign_in_ip" varchar(255), "last_sign_in_ip" varchar(255), "created_at" datetime NOT NULL, "updated_at" datetime NOT NULL, "confirmation_token" varchar(255), "confirmed_at" datetime, "confirmation_sent_at" datetime) 
  [1m[36m (0.0ms)[0m  [1mPRAGMA index_list("users")[0m
  [1m[35m (0.0ms)[0m  PRAGMA index_info('index_users_on_reset_password_token')
  [1m[36m (0.0ms)[0m  [1mPRAGMA index_info('index_users_on_email')[0m
  [1m[35m (0.0ms)[0m  PRAGMA index_list("altered_users")
  [1m[36m (1.0ms)[0m  [1mCREATE UNIQUE INDEX "temp_index_altered_users_on_reset_password_token" ON "altered_users" ("reset_password_token")[0m
  [1m[35m (0.0ms)[0m  PRAGMA index_list("altered_users")
  [1m[36m (0.0ms)[0m  [1mPRAGMA index_info('temp_index_altered_users_on_reset_password_token')[0m
  [1m[35m (1.0ms)[0m  CREATE UNIQUE INDEX "temp_index_altered_users_on_email" ON "altered_users" ("email")
  [1m[36m (1.0ms)[0m  [1mSELECT * FROM "users"[0m
  [1m[35m (2.0ms)[0m  DROP TABLE "users"
  [1m[36m (0.0ms)[0m  [1mCREATE TABLE "users" ("id" INTEGER PRIMARY KEY AUTOINCREMENT NOT NULL, "email" varchar(255) DEFAULT '' NOT NULL, "encrypted_password" varchar(255) DEFAULT '' NOT NULL, "reset_password_token" varchar(255), "reset_password_sent_at" datetime, "remember_created_at" datetime, "sign_in_count" integer DEFAULT 0, "current_sign_in_at" datetime, "last_sign_in_at" datetime, "current_sign_in_ip" varchar(255), "last_sign_in_ip" varchar(255), "created_at" datetime NOT NULL, "updated_at" datetime NOT NULL, "confirmation_token" varchar(255), "confirmation_sent_at" datetime) [0m
  [1m[35m (1.0ms)[0m  PRAGMA index_list("altered_users")
  [1m[36m (0.0ms)[0m  [1mPRAGMA index_info('temp_index_altered_users_on_email')[0m
  [1m[35m (0.0ms)[0m  PRAGMA index_info('temp_index_altered_users_on_reset_password_token')
  [1m[36m (0.0ms)[0m  [1mPRAGMA index_list("users")[0m
  [1m[35m (2.0ms)[0m  CREATE UNIQUE INDEX "index_users_on_email" ON "users" ("email")
  [1m[36m (0.0ms)[0m  [1mPRAGMA index_list("users")[0m
  [1m[35m (0.0ms)[0m  PRAGMA index_info('index_users_on_email')
  [1m[36m (0.0ms)[0m  [1mCREATE UNIQUE INDEX "index_users_on_reset_password_token" ON "users" ("reset_password_token")[0m
  [1m[35m (0.0ms)[0m  SELECT * FROM "altered_users"
  [1m[36m (0.0ms)[0m  [1mDROP TABLE "altered_users"[0m
  [1m[35m (0.0ms)[0m  INSERT INTO "schema_migrations" ("version") VALUES ('20120320143016')
  [1m[36m (54.0ms)[0m  [1mcommit transaction[0m
Migrating to AddColumnConfirmedAtToUsers (20120320143457)
  [1m[35m (0.0ms)[0m  begin transaction
  [1m[36m (2.0ms)[0m  [1mALTER TABLE "users" ADD "confirmed_at" datetime[0m
  [1m[35m (0.0ms)[0m  INSERT INTO "schema_migrations" ("version") VALUES ('20120320143457')
  [1m[36m (39.0ms)[0m  [1mcommit transaction[0m
Migrating to CreateAuthentications (20120320160647)
  [1m[35m (0.0ms)[0m  begin transaction
  [1m[36m (2.0ms)[0m  [1mCREATE TABLE "authentications" ("id" INTEGER PRIMARY KEY AUTOINCREMENT NOT NULL, "user_id" integer, "provider" varchar(255), "uid" varchar(255), "created_at" datetime NOT NULL, "updated_at" datetime NOT NULL) [0m
  [1m[35m (0.0ms)[0m  INSERT INTO "schema_migrations" ("version") VALUES ('20120320160647')
  [1m[36m (40.0ms)[0m  [1mcommit transaction[0m
  [1m[35m (1.0ms)[0m  select sqlite_version(*)
  [1m[36m (0.0ms)[0m  [1mSELECT "schema_migrations"."version" FROM "schema_migrations" [0m
  [1m[35m (0.0ms)[0m  PRAGMA index_list("authentications")
  [1m[36m (0.0ms)[0m  [1mPRAGMA index_list("users")[0m
  [1m[35m (0.0ms)[0m  PRAGMA index_info('index_users_on_reset_password_token')
  [1m[36m (0.0ms)[0m  [1mPRAGMA index_info('index_users_on_email')[0m


Started GET "/" for 127.0.0.1 at 2012-03-30 06:52:20 +0530
Processing by PagesController#home as HTML
  [1m[36mUser Load (1.0ms)[0m  [1mSELECT "users".* FROM "users" [0m
  Rendered shared/_sign_in_form.html.erb (18.0ms)
  Rendered pages/home.html.erb within layouts/application (237.0ms)
Compiled custom.css  (1651ms)  (pid 7996)
Compiled pages.css  (6ms)  (pid 7996)
Compiled registrations.css  (7ms)  (pid 7996)
Compiled application.css  (1842ms)  (pid 7996)
Compiled jquery.js  (3ms)  (pid 7996)
Compiled jquery_ujs.js  (1ms)  (pid 7996)
Compiled pages.js  (449ms)  (pid 7996)
Compiled registrations.js  (312ms)  (pid 7996)
Compiled application.js  (1834ms)  (pid 7996)
  Rendered layouts/_shim.html.erb (1.0ms)
  Rendered layouts/_header.html.erb (1.0ms)
  Rendered layouts/_footer.html.erb (2.0ms)
Completed 200 OK in 5241ms (Views: 4552.3ms | ActiveRecord: 81.0ms)


Started GET "/assets/pages.css?body=1" for 127.0.0.1 at 2012-03-30 06:52:26 +0530
Served asset /pages.css - 304 Not Modified (6ms)


Started GET "/assets/application.css?body=1" for 127.0.0.1 at 2012-03-30 06:52:26 +0530
Served asset /application.css - 304 Not Modified (29ms)


Started GET "/assets/custom.css?body=1" for 127.0.0.1 at 2012-03-30 06:52:26 +0530
Served asset /custom.css - 304 Not Modified (17ms)


Started GET "/assets/registrations.css?body=1" for 127.0.0.1 at 2012-03-30 06:52:26 +0530
Served asset /registrations.css - 304 Not Modified (10ms)


Started GET "/assets/jquery.js?body=1" for 127.0.0.1 at 2012-03-30 06:52:26 +0530
Served asset /jquery.js - 304 Not Modified (15ms)


Started GET "/assets/jquery_ujs.js?body=1" for 127.0.0.1 at 2012-03-30 06:52:26 +0530
Served asset /jquery_ujs.js - 304 Not Modified (11ms)


Started GET "/assets/pages.js?body=1" for 127.0.0.1 at 2012-03-30 06:52:26 +0530
Served asset /pages.js - 304 Not Modified (5ms)


Started GET "/assets/registrations.js?body=1" for 127.0.0.1 at 2012-03-30 06:52:26 +0530
Served asset /registrations.js - 304 Not Modified (6ms)


Started GET "/assets/application.js?body=1" for 127.0.0.1 at 2012-03-30 06:52:26 +0530
Served asset /application.js - 304 Not Modified (14ms)


Started GET "/assets/twitter_64.png" for 127.0.0.1 at 2012-03-30 06:52:27 +0530
Served asset /twitter_64.png - 304 Not Modified (155ms)


Started GET "/assets/facebook_64.png" for 127.0.0.1 at 2012-03-30 06:52:27 +0530
Served asset /facebook_64.png - 304 Not Modified (53ms)


Started GET "/assets/twitter_32.png" for 127.0.0.1 at 2012-03-30 06:52:27 +0530
Served asset /twitter_32.png - 304 Not Modified (53ms)
